[2019-12-11 14:53:36] [INFO] [MainThread] [handlers.py:63] Request Infomations:
+-----Headers-----+
| Content-Type    | application/json 
| Authorization   | eyJ0eXAiOiJKV1QiLCJhbGciOiJIUzI1NiJ9.eyJpZCI6MSwibmlja19uYW1lIjpudWxsLCJleHAiOjE1NzUwMjI1MzJ9.pTzgTRDJHyQfEiLyRTxhcDf10FBCvG0_eyP1Wv0pPzY 
| User-Agent      | PostmanRuntime/7.20.1 
| Accept          | */*             
| Cache-Control   | no-cache        
| Postman-Token   | 2a79938b-8e82-4b05-8877-a67d269e7dcc 
| Host            | 127.0.0.1:8084  
| Accept-Encoding | gzip, deflate   
| Content-Length  | 140             
| Connection      | keep-alive      
+----Arguments----+
| 'test_name'     | '测试'            
| 'interfaces'    | [8, 9]          
| 'assertion'     | '12313'         
| 'db'            | 2               
| 'check_db'      | '123'           
| 'desc'          | '21q313132'     

[2019-12-11 14:53:36] [INFO] [MainThread] [handlers.py:44] Response Infomations:
+-----Headers-----+
| Content-Type    | application/json 

Body:
| TestCasesHandler object has list index out of range
[2019-12-11 14:56:55] [INFO] [MainThread] [handlers.py:63] Request Infomations:
+-----Headers-----+
| Host            | 127.0.0.1:8084  
| Connection      | keep-alive      
| Access-Control-Request-Method | GET             
| Origin          | http://localhost:8080 
| User-Agent      | Mozilla/5.0 (Windows NT 10.0; WOW64) AppleWebKit/537.36 (KHTML, like Gecko) Chrome/78.0.3904.87 Safari/537.36 
| Access-Control-Request-Headers | authorization   
| Accept          | */*             
| Sec-Fetch-Site  | cross-site      
| Sec-Fetch-Mode  | cors            
| Referer         | http://localhost:8080/interfacesManage 
| Accept-Encoding | gzip, deflate, br 
| Accept-Language | zh-CN,zh;q=0.9  

[2019-12-11 14:56:55] [INFO] [MainThread] [handlers.py:44] Response Infomations:
+-----Headers-----+
| Content-Type    | application/json 

Body:
| InterfacesHandler object has list index out of range
[2019-12-11 14:56:55] [INFO] [MainThread] [handlers.py:63] Request Infomations:
+-----Headers-----+
| Host            | 127.0.0.1:8084  
| Connection      | keep-alive      
| Access-Control-Request-Method | GET             
| Origin          | http://localhost:8080 
| User-Agent      | Mozilla/5.0 (Windows NT 10.0; WOW64) AppleWebKit/537.36 (KHTML, like Gecko) Chrome/78.0.3904.87 Safari/537.36 
| Access-Control-Request-Headers | authorization   
| Accept          | */*             
| Sec-Fetch-Site  | cross-site      
| Sec-Fetch-Mode  | cors            
| Referer         | http://localhost:8080/interfacesManage 
| Accept-Encoding | gzip, deflate, br 
| Accept-Language | zh-CN,zh;q=0.9  

[2019-12-11 14:56:55] [INFO] [MainThread] [handlers.py:44] Response Infomations:
+-----Headers-----+
| Content-Type    | application/json 

Body:
| InterfacesHandler object has list index out of range
[2019-12-11 14:56:55] [INFO] [MainThread] [handlers.py:63] Request Infomations:
+-----Headers-----+
| Host            | 127.0.0.1:8084  
| Connection      | keep-alive      
| Accept          | application/json, text/plain, */* 
| Origin          | http://localhost:8080 
| Authorization   | eyJ0eXAiOiJKV1QiLCJhbGciOiJIUzI1NiJ9.eyJpZCI6MSwibmlja19uYW1lIjpudWxsLCJleHAiOjE1NzU1Mjc0MTd9.x6DWIiifOqsbafgij7B001K5i7WHrzuvNmDyuVWuRNU 
| User-Agent      | Mozilla/5.0 (Windows NT 10.0; WOW64) AppleWebKit/537.36 (KHTML, like Gecko) Chrome/78.0.3904.87 Safari/537.36 
| Sec-Fetch-Site  | cross-site      
| Sec-Fetch-Mode  | cors            
| Referer         | http://localhost:8080/interfacesManage 
| Accept-Encoding | gzip, deflate, br 
| Accept-Language | zh-CN,zh;q=0.9  
| If-None-Match   | "2bcec97c5f6b4fc467d5f54eeeed373f564e30f4" 

[2019-12-11 14:56:55] [INFO] [MainThread] [handlers.py:44] Response Infomations:
+-----Headers-----+
| Content-Type    | application/json 

Body:
| {
|     "code": 1,
|     "msg": "接口数据查询成功!",
|     "data": [
|         {
|             "id": 8,
|             "add_time": "2019-12-05T20:16:55",
|             "interface_name": "第三大学",
|             "url": "32131231",
|             "method": "post",
|             "headers": "{\"Accept\":\"3123131\"}",
|             "params": "{\"31312\":\"31312\"}",
|             "creator": {
|                 "id": 1,
|                 "add_time": "2019-12-11T14:56:55.391699",
|                 "account": null,
|                 "password": null,
|                 "nick_name": null,
|                 "head_url": null,
|                 "address": null,
|                 "desc": null,
|                 "gender": null
|             },
|             "project": {
|                 "id": 8,
|                 "add_time": "2019-12-11T14:56:55.391699",
|                 "name": "嘻嘻嘻嘻嘻嘻嘻嘻",
|                 "env": null,
|                 "creator": null,
|                 "desc": null
|             },
|             "desc": "打打"
|         },
|         {
|             "id": 9,
|             "add_time": "2019-12-05T20:18:19",
|             "interface_name": "打打",
|             "url": "32131231",
|             "method": "post",
|             "headers": "{\"Accept\":\"3123131\",\"Accept-Charset\":\"32123213221\"}",
|             "params": "{\"3131\":\"3122313\",\"31312\":\"31312\"}",
|             "creator": {
|                 "id": 1,
|                 "add_time": "2019-12-11T14:56:55.392696",
|                 "account": null,
|                 "password": null,
|                 "nick_name": null,
|                 "head_url": null,
|                 "address": null,
|                 "desc": null,
|                 "gender": null
|             },
|             "project": {
|                 "id": 8,
|                 "add_time": "2019-12-11T14:56:55.392696",
|                 "name": "嘻嘻嘻嘻嘻嘻嘻嘻",
|                 "env": null,
|                 "creator": null,
|                 "desc": null
|             },
|             "desc": "打打"
|         },
|         {
|             "id": 10,
|             "add_time": "2019-12-05T20:16:55",
|             "interface_name": "李四",
|             "url": "32131231",
|             "method": "post",
|             "headers": "{\"Accept\":\"3123131\"}",
|             "params": "{\"31312\":\"31312\"}",
|             "creator": {
|                 "id": 1,
|                 "add_time": "2019-12-11T14:56:55.392696",
|                 "account": null,
|                 "password": null,
|                 "nick_name": null,
|                 "head_url": null,
|                 "address": null,
|                 "desc": null,
|                 "gender": null
|             },
|             "project": {
|                 "id": 8,
|                 "add_time": "2019-12-11T14:56:55.392696",
|                 "name": "嘻嘻嘻嘻嘻嘻嘻嘻",
|                 "env": null,
|                 "creator": null,
|                 "desc": null
|             },
|             "desc": "打打"
|         },
|         {
|             "id": 11,
|             "add_time": "2019-12-05T20:16:55",
|             "interface_name": "王五",
|             "url": "32131231",
|             "method": "post",
|             "headers": "{\"Accept\":\"3123131\"}",
|             "params": "{\"31312\":\"31312\"}",
|             "creator": {
|                 "id": 1,
|                 "add_time": "2019-12-11T14:56:55.392696",
|                 "account": null,
|                 "password": null,
|                 "nick_name": null,
|                 "head_url": null,
|                 "address": null,
|                 "desc": null,
|                 "gender": null
|             },
|             "project": {
|                 "id": 8,
|                 "add_time": "2019-12-11T14:56:55.392696",
|                 "name": "嘻嘻嘻嘻嘻嘻嘻嘻",
|                 "env": null,
|                 "creator": null,
|                 "desc": null
|             },
|             "desc": "打打"
|         }
|     ]
| }
[2019-12-11 14:56:55] [INFO] [MainThread] [handlers.py:63] Request Infomations:
+-----Headers-----+
| Host            | 127.0.0.1:8084  
| Connection      | keep-alive      
| Accept          | application/json, text/plain, */* 
| Origin          | http://localhost:8080 
| Authorization   | eyJ0eXAiOiJKV1QiLCJhbGciOiJIUzI1NiJ9.eyJpZCI6MSwibmlja19uYW1lIjpudWxsLCJleHAiOjE1NzU1Mjc0MTd9.x6DWIiifOqsbafgij7B001K5i7WHrzuvNmDyuVWuRNU 
| User-Agent      | Mozilla/5.0 (Windows NT 10.0; WOW64) AppleWebKit/537.36 (KHTML, like Gecko) Chrome/78.0.3904.87 Safari/537.36 
| Sec-Fetch-Site  | cross-site      
| Sec-Fetch-Mode  | cors            
| Referer         | http://localhost:8080/interfacesManage 
| Accept-Encoding | gzip, deflate, br 
| Accept-Language | zh-CN,zh;q=0.9  
| If-None-Match   | "872146f4560deb9061770e544a22e3e30a2d4bfe" 

[2019-12-11 14:56:55] [INFO] [MainThread] [handlers.py:44] Response Infomations:
+-----Headers-----+
| Content-Type    | application/json 

Body:
| {
|     "code": 1,
|     "msg": "接口数据查询成功!",
|     "data": [
|         {
|             "id": 8,
|             "add_time": "2019-12-05T20:16:55",
|             "interface_name": "第三大学",
|             "url": "32131231",
|             "method": "post",
|             "headers": "{\"Accept\":\"3123131\"}",
|             "params": "{\"31312\":\"31312\"}",
|             "creator": {
|                 "id": 1,
|                 "add_time": "2019-12-11T14:56:55.443569",
|                 "account": null,
|                 "password": null,
|                 "nick_name": null,
|                 "head_url": null,
|                 "address": null,
|                 "desc": null,
|                 "gender": null
|             },
|             "project": {
|                 "id": 8,
|                 "add_time": "2019-12-11T14:56:55.443569",
|                 "name": "嘻嘻嘻嘻嘻嘻嘻嘻",
|                 "env": null,
|                 "creator": null,
|                 "desc": null
|             },
|             "desc": "打打"
|         },
|         {
|             "id": 9,
|             "add_time": "2019-12-05T20:18:19",
|             "interface_name": "打打",
|             "url": "32131231",
|             "method": "post",
|             "headers": "{\"Accept\":\"3123131\",\"Accept-Charset\":\"32123213221\"}",
|             "params": "{\"3131\":\"3122313\",\"31312\":\"31312\"}",
|             "creator": {
|                 "id": 1,
|                 "add_time": "2019-12-11T14:56:55.443569",
|                 "account": null,
|                 "password": null,
|                 "nick_name": null,
|                 "head_url": null,
|                 "address": null,
|                 "desc": null,
|                 "gender": null
|             },
|             "project": {
|                 "id": 8,
|                 "add_time": "2019-12-11T14:56:55.444560",
|                 "name": "嘻嘻嘻嘻嘻嘻嘻嘻",
|                 "env": null,
|                 "creator": null,
|                 "desc": null
|             },
|             "desc": "打打"
|         },
|         {
|             "id": 10,
|             "add_time": "2019-12-05T20:16:55",
|             "interface_name": "李四",
|             "url": "32131231",
|             "method": "post",
|             "headers": "{\"Accept\":\"3123131\"}",
|             "params": "{\"31312\":\"31312\"}",
|             "creator": {
|                 "id": 1,
|                 "add_time": "2019-12-11T14:56:55.444560",
|                 "account": null,
|                 "password": null,
|                 "nick_name": null,
|                 "head_url": null,
|                 "address": null,
|                 "desc": null,
|                 "gender": null
|             },
|             "project": {
|                 "id": 8,
|                 "add_time": "2019-12-11T14:56:55.444560",
|                 "name": "嘻嘻嘻嘻嘻嘻嘻嘻",
|                 "env": null,
|                 "creator": null,
|                 "desc": null
|             },
|             "desc": "打打"
|         },
|         {
|             "id": 11,
|             "add_time": "2019-12-05T20:16:55",
|             "interface_name": "王五",
|             "url": "32131231",
|             "method": "post",
|             "headers": "{\"Accept\":\"3123131\"}",
|             "params": "{\"31312\":\"31312\"}",
|             "creator": {
|                 "id": 1,
|                 "add_time": "2019-12-11T14:56:55.444560",
|                 "account": null,
|                 "password": null,
|                 "nick_name": null,
|                 "head_url": null,
|                 "address": null,
|                 "desc": null,
|                 "gender": null
|             },
|             "project": {
|                 "id": 8,
|                 "add_time": "2019-12-11T14:56:55.444560",
|                 "name": "嘻嘻嘻嘻嘻嘻嘻嘻",
|                 "env": null,
|                 "creator": null,
|                 "desc": null
|             },
|             "desc": "打打"
|         }
|     ]
| }
[2019-12-11 14:57:07] [INFO] [MainThread] [handlers.py:63] Request Infomations:
+-----Headers-----+
| Host            | 127.0.0.1:8084  
| Connection      | keep-alive      
| Accept          | application/json, text/plain, */* 
| Origin          | http://localhost:8080 
| Authorization   | eyJ0eXAiOiJKV1QiLCJhbGciOiJIUzI1NiJ9.eyJpZCI6MSwibmlja19uYW1lIjpudWxsLCJleHAiOjE1NzU1Mjc0MTd9.x6DWIiifOqsbafgij7B001K5i7WHrzuvNmDyuVWuRNU 
| User-Agent      | Mozilla/5.0 (Windows NT 10.0; WOW64) AppleWebKit/537.36 (KHTML, like Gecko) Chrome/78.0.3904.87 Safari/537.36 
| Sec-Fetch-Site  | cross-site      
| Sec-Fetch-Mode  | cors            
| Referer         | http://localhost:8080/interfacesManage 
| Accept-Encoding | gzip, deflate, br 
| Accept-Language | zh-CN,zh;q=0.9  
| If-None-Match   | "3acb762c73ef48a2fe8c4d8154fd5266ae63d875" 

[2019-12-11 14:57:07] [INFO] [MainThread] [handlers.py:44] Response Infomations:
+-----Headers-----+
| Content-Type    | application/json 

Body:
| {
|     "code": 1,
|     "msg": "接口数据查询成功!",
|     "data": [
|         {
|             "id": 8,
|             "add_time": "2019-12-05T20:16:55",
|             "interface_name": "第三大学",
|             "url": "32131231",
|             "method": "post",
|             "headers": "{\"Accept\":\"3123131\"}",
|             "params": "{\"31312\":\"31312\"}",
|             "creator": {
|                 "id": 1,
|                 "add_time": "2019-12-11T14:57:07.264319",
|                 "account": null,
|                 "password": null,
|                 "nick_name": null,
|                 "head_url": null,
|                 "address": null,
|                 "desc": null,
|                 "gender": null
|             },
|             "project": {
|                 "id": 8,
|                 "add_time": "2019-12-11T14:57:07.264319",
|                 "name": "嘻嘻嘻嘻嘻嘻嘻嘻",
|                 "env": null,
|                 "creator": null,
|                 "desc": null
|             },
|             "desc": "打打"
|         },
|         {
|             "id": 9,
|             "add_time": "2019-12-05T20:18:19",
|             "interface_name": "打打",
|             "url": "32131231",
|             "method": "post",
|             "headers": "{\"Accept\":\"3123131\",\"Accept-Charset\":\"32123213221\"}",
|             "params": "{\"3131\":\"3122313\",\"31312\":\"31312\"}",
|             "creator": {
|                 "id": 1,
|                 "add_time": "2019-12-11T14:57:07.265315",
|                 "account": null,
|                 "password": null,
|                 "nick_name": null,
|                 "head_url": null,
|                 "address": null,
|                 "desc": null,
|                 "gender": null
|             },
|             "project": {
|                 "id": 8,
|                 "add_time": "2019-12-11T14:57:07.265315",
|                 "name": "嘻嘻嘻嘻嘻嘻嘻嘻",
|                 "env": null,
|                 "creator": null,
|                 "desc": null
|             },
|             "desc": "打打"
|         },
|         {
|             "id": 10,
|             "add_time": "2019-12-05T20:16:55",
|             "interface_name": "李四",
|             "url": "32131231",
|             "method": "post",
|             "headers": "{\"Accept\":\"3123131\"}",
|             "params": "{\"31312\":\"31312\"}",
|             "creator": {
|                 "id": 1,
|                 "add_time": "2019-12-11T14:57:07.265315",
|                 "account": null,
|                 "password": null,
|                 "nick_name": null,
|                 "head_url": null,
|                 "address": null,
|                 "desc": null,
|                 "gender": null
|             },
|             "project": {
|                 "id": 8,
|                 "add_time": "2019-12-11T14:57:07.265315",
|                 "name": "嘻嘻嘻嘻嘻嘻嘻嘻",
|                 "env": null,
|                 "creator": null,
|                 "desc": null
|             },
|             "desc": "打打"
|         },
|         {
|             "id": 11,
|             "add_time": "2019-12-05T20:16:55",
|             "interface_name": "王五",
|             "url": "32131231",
|             "method": "post",
|             "headers": "{\"Accept\":\"3123131\"}",
|             "params": "{\"31312\":\"31312\"}",
|             "creator": {
|                 "id": 1,
|                 "add_time": "2019-12-11T14:57:07.265315",
|                 "account": null,
|                 "password": null,
|                 "nick_name": null,
|                 "head_url": null,
|                 "address": null,
|                 "desc": null,
|                 "gender": null
|             },
|             "project": {
|                 "id": 8,
|                 "add_time": "2019-12-11T14:57:07.265315",
|                 "name": "嘻嘻嘻嘻嘻嘻嘻嘻",
|                 "env": null,
|                 "creator": null,
|                 "desc": null
|             },
|             "desc": "打打"
|         }
|     ]
| }
[2019-12-11 14:57:07] [INFO] [MainThread] [handlers.py:63] Request Infomations:
+-----Headers-----+
| Host            | 127.0.0.1:8084  
| Connection      | keep-alive      
| Accept          | application/json, text/plain, */* 
| Origin          | http://localhost:8080 
| Authorization   | eyJ0eXAiOiJKV1QiLCJhbGciOiJIUzI1NiJ9.eyJpZCI6MSwibmlja19uYW1lIjpudWxsLCJleHAiOjE1NzU1Mjc0MTd9.x6DWIiifOqsbafgij7B001K5i7WHrzuvNmDyuVWuRNU 
| User-Agent      | Mozilla/5.0 (Windows NT 10.0; WOW64) AppleWebKit/537.36 (KHTML, like Gecko) Chrome/78.0.3904.87 Safari/537.36 
| Sec-Fetch-Site  | cross-site      
| Sec-Fetch-Mode  | cors            
| Referer         | http://localhost:8080/interfacesManage 
| Accept-Encoding | gzip, deflate, br 
| Accept-Language | zh-CN,zh;q=0.9  
| If-None-Match   | "c7a8c9852cc5136a2af18b5832c647f4ea8cb69a" 

[2019-12-11 14:57:07] [INFO] [MainThread] [handlers.py:44] Response Infomations:
+-----Headers-----+
| Content-Type    | application/json 

Body:
| {
|     "code": 1,
|     "msg": "接口数据查询成功!",
|     "data": [
|         {
|             "id": 8,
|             "add_time": "2019-12-05T20:16:55",
|             "interface_name": "第三大学",
|             "url": "32131231",
|             "method": "post",
|             "headers": "{\"Accept\":\"3123131\"}",
|             "params": "{\"31312\":\"31312\"}",
|             "creator": {
|                 "id": 1,
|                 "add_time": "2019-12-11T14:57:07.293250",
|                 "account": null,
|                 "password": null,
|                 "nick_name": null,
|                 "head_url": null,
|                 "address": null,
|                 "desc": null,
|                 "gender": null
|             },
|             "project": {
|                 "id": 8,
|                 "add_time": "2019-12-11T14:57:07.293250",
|                 "name": "嘻嘻嘻嘻嘻嘻嘻嘻",
|                 "env": null,
|                 "creator": null,
|                 "desc": null
|             },
|             "desc": "打打"
|         },
|         {
|             "id": 9,
|             "add_time": "2019-12-05T20:18:19",
|             "interface_name": "打打",
|             "url": "32131231",
|             "method": "post",
|             "headers": "{\"Accept\":\"3123131\",\"Accept-Charset\":\"32123213221\"}",
|             "params": "{\"3131\":\"3122313\",\"31312\":\"31312\"}",
|             "creator": {
|                 "id": 1,
|                 "add_time": "2019-12-11T14:57:07.293250",
|                 "account": null,
|                 "password": null,
|                 "nick_name": null,
|                 "head_url": null,
|                 "address": null,
|                 "desc": null,
|                 "gender": null
|             },
|             "project": {
|                 "id": 8,
|                 "add_time": "2019-12-11T14:57:07.293250",
|                 "name": "嘻嘻嘻嘻嘻嘻嘻嘻",
|                 "env": null,
|                 "creator": null,
|                 "desc": null
|             },
|             "desc": "打打"
|         },
|         {
|             "id": 10,
|             "add_time": "2019-12-05T20:16:55",
|             "interface_name": "李四",
|             "url": "32131231",
|             "method": "post",
|             "headers": "{\"Accept\":\"3123131\"}",
|             "params": "{\"31312\":\"31312\"}",
|             "creator": {
|                 "id": 1,
|                 "add_time": "2019-12-11T14:57:07.293250",
|                 "account": null,
|                 "password": null,
|                 "nick_name": null,
|                 "head_url": null,
|                 "address": null,
|                 "desc": null,
|                 "gender": null
|             },
|             "project": {
|                 "id": 8,
|                 "add_time": "2019-12-11T14:57:07.293250",
|                 "name": "嘻嘻嘻嘻嘻嘻嘻嘻",
|                 "env": null,
|                 "creator": null,
|                 "desc": null
|             },
|             "desc": "打打"
|         },
|         {
|             "id": 11,
|             "add_time": "2019-12-05T20:16:55",
|             "interface_name": "王五",
|             "url": "32131231",
|             "method": "post",
|             "headers": "{\"Accept\":\"3123131\"}",
|             "params": "{\"31312\":\"31312\"}",
|             "creator": {
|                 "id": 1,
|                 "add_time": "2019-12-11T14:57:07.294242",
|                 "account": null,
|                 "password": null,
|                 "nick_name": null,
|                 "head_url": null,
|                 "address": null,
|                 "desc": null,
|                 "gender": null
|             },
|             "project": {
|                 "id": 8,
|                 "add_time": "2019-12-11T14:57:07.294242",
|                 "name": "嘻嘻嘻嘻嘻嘻嘻嘻",
|                 "env": null,
|                 "creator": null,
|                 "desc": null
|             },
|             "desc": "打打"
|         }
|     ]
| }
[2019-12-11 14:57:24] [INFO] [MainThread] [handlers.py:63] Request Infomations:
+-----Headers-----+
| Content-Type    | application/json 
| Authorization   | eyJ0eXAiOiJKV1QiLCJhbGciOiJIUzI1NiJ9.eyJpZCI6MSwibmlja19uYW1lIjpudWxsLCJleHAiOjE1NzU1Mjc0MTd9.x6DWIiifOqsbafgij7B001K5i7WHrzuvNmDyuVWuRNU 
| User-Agent      | PostmanRuntime/7.20.1 
| Accept          | */*             
| Cache-Control   | no-cache        
| Postman-Token   | cbfca626-508d-4406-8466-c1b98cbd1b58 
| Host            | 127.0.0.1:8084  
| Accept-Encoding | gzip, deflate   
| Content-Length  | 140             
| Connection      | keep-alive      
+----Arguments----+
| 'test_name'     | '测试'            
| 'interfaces'    | [8, 9]          
| 'assertion'     | '12313'         
| 'db'            | 2               
| 'check_db'      | '123'           
| 'desc'          | '21q313132'     

[2019-12-11 14:57:24] [INFO] [MainThread] [handlers.py:44] Response Infomations:
+-----Headers-----+
| Content-Type    | application/json 

Body:
| {
|     "code": 10020,
|     "msg": "这个用例已经创建！",
|     "data": null
| }
[2019-12-11 14:57:37] [INFO] [MainThread] [handlers.py:63] Request Infomations:
+-----Headers-----+
| Content-Type    | application/json 
| Authorization   | eyJ0eXAiOiJKV1QiLCJhbGciOiJIUzI1NiJ9.eyJpZCI6MSwibmlja19uYW1lIjpudWxsLCJleHAiOjE1NzU1Mjc0MTd9.x6DWIiifOqsbafgij7B001K5i7WHrzuvNmDyuVWuRNU 
| User-Agent      | PostmanRuntime/7.20.1 
| Accept          | */*             
| Cache-Control   | no-cache        
| Postman-Token   | abb9250d-8250-41a0-a12c-478d3fad259b 
| Host            | 127.0.0.1:8084  
| Accept-Encoding | gzip, deflate   
| Content-Length  | 141             
| Connection      | keep-alive      
+----Arguments----+
| 'test_name'     | '测试1'           
| 'interfaces'    | [8, 9]          
| 'assertion'     | '12313'         
| 'db'            | 2               
| 'check_db'      | '123'           
| 'desc'          | '21q313132'     

[2019-12-11 14:57:37] [ERROR] [MainThread] [handlers.py:105] Uncaught exception POST /cases/ (127.0.0.1)
HTTPServerRequest(protocol='http', host='127.0.0.1:8084', method='POST', uri='/cases/', version='HTTP/1.1', remote_ip='127.0.0.1')
Traceback (most recent call last):
  File "D:\Users\Null\AppData\Local\Continuum\miniconda3\lib\site-packages\peewee_async.py", line 170, in get
    return list(result)[0]
IndexError: list index out of range

During handling of the above exception, another exception occurred:

Traceback (most recent call last):
  File "D:\Users\Null\AppData\Local\Continuum\miniconda3\lib\site-packages\tornado\web.py", line 1699, in _execute
    result = await result
  File "F:\MagicTestPlatform\apps\utils\wrappers.py", line 25, in wrapper
    await method(self, *args, **kwargs)
  File "F:\MagicTestPlatform\apps\interface_test\handlers.py", line 232, in post
    TestCases, test_name=form.test_name.data
  File "D:\Users\Null\AppData\Local\Continuum\miniconda3\lib\site-packages\peewee_async.py", line 172, in get
    raise model.DoesNotExist
apps.interface_test.models.TestCasesDoesNotExist
[2019-12-11 14:57:37] [INFO] [MainThread] [handlers.py:44] Response Infomations:
+-----Headers-----+
| Content-Type    | text/plain      

Body:
| Traceback (most recent call last):
| 
