[2019-12-02 21:46:40] [INFO] [MainThread] [handlers.py:63] Request Infomations:
+-----Headers-----+
| Content-Type    | application/json 
| Authorization   | eyJ0eXAiOiJKV1QiLCJhbGciOiJIUzI1NiJ9.eyJpZCI6MSwibmlja19uYW1lIjpudWxsLCJleHAiOjE1NzQ3NTIxNzd9.lsuunSK7H4MUPRRm-P6uWJxAqSpLvm7yJ6CS0LVBwa8 
| User-Agent      | PostmanRuntime/7.20.1 
| Accept          | */*             
| Cache-Control   | no-cache        
| Postman-Token   | 58bee012-b9de-431b-b3d7-c89d4ad52820 
| Host            | 127.0.0.1:8084  
| Accept-Encoding | gzip, deflate   
| Content-Length  | 770             
| Connection      | keep-alive      

[2019-12-02 21:46:40] [ERROR] [MainThread] [handlers.py:105] Uncaught exception POST /interfaces_debug/ (127.0.0.1)
HTTPServerRequest(protocol='http', host='127.0.0.1:8084', method='POST', uri='/interfaces_debug/', version='HTTP/1.1', remote_ip='127.0.0.1')
Traceback (most recent call last):
  File "D:\Users\Null\AppData\Local\Continuum\miniconda3\lib\site-packages\tornado\web.py", line 1699, in _execute
    result = await result
  File "F:\MagicTestPlatform\apps\utils\wrappers.py", line 25, in wrapper
    await method(self, *args, **kwargs)
  File "F:\MagicTestPlatform\apps\interface_test\handlers.py", line 48, in post
    param = json.loads(param)
  File "D:\Users\Null\AppData\Local\Continuum\miniconda3\lib\json\__init__.py", line 348, in loads
    return _default_decoder.decode(s)
  File "D:\Users\Null\AppData\Local\Continuum\miniconda3\lib\json\decoder.py", line 337, in decode
    obj, end = self.raw_decode(s, idx=_w(s, 0).end())
  File "D:\Users\Null\AppData\Local\Continuum\miniconda3\lib\json\decoder.py", line 353, in raw_decode
    obj, end = self.scan_once(s, idx)
json.decoder.JSONDecodeError: Invalid control character at: line 5 column 474 (char 742)
[2019-12-02 21:46:40] [INFO] [MainThread] [handlers.py:44] Response Infomations:
+-----Headers-----+
| Content-Type    | text/plain      

Body:
| Traceback (most recent call last):
| 
[2019-12-02 21:47:01] [INFO] [MainThread] [handlers.py:63] Request Infomations:
+-----Headers-----+
| Content-Type    | application/x-www-form-urlencoded 
| Authorization   | eyJ0eXAiOiJKV1QiLCJhbGciOiJIUzI1NiJ9.eyJpZCI6MSwibmlja19uYW1lIjpudWxsLCJleHAiOjE1NzQ3NTIxNzd9.lsuunSK7H4MUPRRm-P6uWJxAqSpLvm7yJ6CS0LVBwa8 
| User-Agent      | PostmanRuntime/7.20.1 
| Accept          | */*             
| Cache-Control   | no-cache        
| Postman-Token   | 9bb10089-af35-4194-831c-9eaaf381ec1b 
| Host            | 127.0.0.1:8084  
| Accept-Encoding | gzip, deflate   
| Content-Length  | 742             
| Connection      | keep-alive      
+----Arguments----+
| 'url'           | 'v5121/homePop/getPop' 
| 'method'        | 'get'           
| 'headers'       | "{'Content-Type': 'application/json', 'User-Agent': 'Autoyol_107:Android_28|91AE0144CE0782302F461E04A034F098D30A00DC04FA03A781D9F3CE45', 'Accept': 'application/json;version=3.0;compress=false'}" 
| 'params'        | 'cityCode=310100&isRenter=1&token=2a3b3ad3e4404281a78d841eabccef46&OS=ANDROID&OsVersion=28&AppVersion=107&IMEI=869704033142271&mac=9CE82B30746D&androidID=f6eb3bbd8b43d0cb&PublicLongitude=121.409381&PublicLatitude=31.172141&publicCityCode=021&appName=atzucheApp&deviceName=vivoX21A&publicToken=2a3b3ad3e4404281a78d841eabccef46&AppChannelId=testmarket&AndroidId=f6eb3bbd8b43d0cb&requestId=9CE82B30746D1574843951903&mem_no=494671888&schema=B' 
| 'project'       | '5'             

[2019-12-02 21:47:22] [ERROR] [MainThread] [handlers.py:105] Uncaught exception POST /interfaces_debug/ (127.0.0.1)
HTTPServerRequest(protocol='http', host='127.0.0.1:8084', method='POST', uri='/interfaces_debug/', version='HTTP/1.1', remote_ip='127.0.0.1')
Traceback (most recent call last):
  File "D:\Users\Null\AppData\Local\Continuum\miniconda3\lib\site-packages\urllib3\connectionpool.py", line 594, in urlopen
    self._prepare_proxy(conn)
  File "D:\Users\Null\AppData\Local\Continuum\miniconda3\lib\site-packages\urllib3\connectionpool.py", line 805, in _prepare_proxy
    conn.connect()
  File "D:\Users\Null\AppData\Local\Continuum\miniconda3\lib\site-packages\urllib3\connection.py", line 308, in connect
    self._tunnel()
  File "D:\Users\Null\AppData\Local\Continuum\miniconda3\lib\http\client.py", line 921, in _tunnel
    message.strip()))
OSError: Tunnel connection failed: 503 Error

During handling of the above exception, another exception occurred:

Traceback (most recent call last):
  File "D:\Users\Null\AppData\Local\Continuum\miniconda3\lib\site-packages\requests\adapters.py", line 449, in send
    timeout=timeout
  File "D:\Users\Null\AppData\Local\Continuum\miniconda3\lib\site-packages\urllib3\connectionpool.py", line 638, in urlopen
    _stacktrace=sys.exc_info()[2])
  File "D:\Users\Null\AppData\Local\Continuum\miniconda3\lib\site-packages\urllib3\util\retry.py", line 399, in increment
    raise MaxRetryError(_pool, url, error or ResponseError(cause))
urllib3.exceptions.MaxRetryError: HTTPSConnectionPool(host='testapp.atzuche.com', port=7065): Max retries exceeded with url: /v5121/homePop/getPop?cityCode=310100&isRenter=1&token=2a3b3ad3e4404281a78d841eabccef46&OS=ANDROID&OsVersion=28&AppVersion=107&IMEI=869704033142271&mac=9CE82B30746D&androidID=f6eb3bbd8b43d0cb&PublicLongitude=121.409381&PublicLatitude=31.172141&publicCityCode=021&appName=atzucheApp&deviceName=vivoX21A&publicToken=2a3b3ad3e4404281a78d841eabccef46&AppChannelId=testmarket&AndroidId=f6eb3bbd8b43d0cb&requestId=9CE82B30746D1574843951903&mem_no=494671888&schema=B (Caused by ProxyError('Cannot connect to proxy.', OSError('Tunnel connection failed: 503 Error')))

During handling of the above exception, another exception occurred:

Traceback (most recent call last):
  File "D:\Users\Null\AppData\Local\Continuum\miniconda3\lib\site-packages\tornado\web.py", line 1699, in _execute
    result = await result
  File "F:\MagicTestPlatform\apps\utils\wrappers.py", line 25, in wrapper
    await method(self, *args, **kwargs)
  File "F:\MagicTestPlatform\apps\interface_test\handlers.py", line 80, in post
    response = http_client.make_test_templates()
  File "F:\MagicTestPlatform\apps\utils\http_keywords.py", line 56, in make_test_templates
    response = self.get(**request_body)
  File "F:\MagicTestPlatform\apps\utils\http_keywords.py", line 38, in get
    return requests.get(**kwargs, verify=False)
  File "D:\Users\Null\AppData\Local\Continuum\miniconda3\lib\site-packages\requests\api.py", line 75, in get
    return request('get', url, params=params, **kwargs)
  File "D:\Users\Null\AppData\Local\Continuum\miniconda3\lib\site-packages\requests\api.py", line 60, in request
    return session.request(method=method, url=url, **kwargs)
  File "D:\Users\Null\AppData\Local\Continuum\miniconda3\lib\site-packages\requests\sessions.py", line 533, in request
    resp = self.send(prep, **send_kwargs)
  File "D:\Users\Null\AppData\Local\Continuum\miniconda3\lib\site-packages\requests\sessions.py", line 646, in send
    r = adapter.send(request, **kwargs)
  File "D:\Users\Null\AppData\Local\Continuum\miniconda3\lib\site-packages\requests\adapters.py", line 510, in send
    raise ProxyError(e, request=request)
requests.exceptions.ProxyError: HTTPSConnectionPool(host='testapp.atzuche.com', port=7065): Max retries exceeded with url: /v5121/homePop/getPop?cityCode=310100&isRenter=1&token=2a3b3ad3e4404281a78d841eabccef46&OS=ANDROID&OsVersion=28&AppVersion=107&IMEI=869704033142271&mac=9CE82B30746D&androidID=f6eb3bbd8b43d0cb&PublicLongitude=121.409381&PublicLatitude=31.172141&publicCityCode=021&appName=atzucheApp&deviceName=vivoX21A&publicToken=2a3b3ad3e4404281a78d841eabccef46&AppChannelId=testmarket&AndroidId=f6eb3bbd8b43d0cb&requestId=9CE82B30746D1574843951903&mem_no=494671888&schema=B (Caused by ProxyError('Cannot connect to proxy.', OSError('Tunnel connection failed: 503 Error')))
[2019-12-02 21:47:22] [INFO] [MainThread] [handlers.py:44] Response Infomations:
+-----Headers-----+
| Content-Type    | text/plain      

Body:
| Traceback (most recent call last):
| 
[2019-12-02 21:49:06] [INFO] [MainThread] [handlers.py:63] Request Infomations:
+-----Headers-----+
| Content-Type    | application/json 
| Authorization   | eyJ0eXAiOiJKV1QiLCJhbGciOiJIUzI1NiJ9.eyJpZCI6MSwibmlja19uYW1lIjpudWxsLCJleHAiOjE1NzQ3NTIxNzd9.lsuunSK7H4MUPRRm-P6uWJxAqSpLvm7yJ6CS0LVBwa8 
| User-Agent      | PostmanRuntime/7.20.1 
| Accept          | */*             
| Cache-Control   | no-cache        
| Postman-Token   | 030b70bf-99b6-43c0-92eb-699515bd3d14 
| Host            | 127.0.0.1:8084  
| Accept-Encoding | gzip, deflate   
| Content-Length  | 787             
| Connection      | keep-alive      

[2019-12-02 21:49:06] [ERROR] [MainThread] [handlers.py:105] Uncaught exception POST /interfaces_debug/ (127.0.0.1)
HTTPServerRequest(protocol='http', host='127.0.0.1:8084', method='POST', uri='/interfaces_debug/', version='HTTP/1.1', remote_ip='127.0.0.1')
Traceback (most recent call last):
  File "D:\Users\Null\AppData\Local\Continuum\miniconda3\lib\site-packages\tornado\web.py", line 1699, in _execute
    result = await result
  File "F:\MagicTestPlatform\apps\utils\wrappers.py", line 25, in wrapper
    await method(self, *args, **kwargs)
  File "F:\MagicTestPlatform\apps\interface_test\handlers.py", line 48, in post
    param = json.loads(param)
  File "D:\Users\Null\AppData\Local\Continuum\miniconda3\lib\json\__init__.py", line 348, in loads
    return _default_decoder.decode(s)
  File "D:\Users\Null\AppData\Local\Continuum\miniconda3\lib\json\decoder.py", line 337, in decode
    obj, end = self.raw_decode(s, idx=_w(s, 0).end())
  File "D:\Users\Null\AppData\Local\Continuum\miniconda3\lib\json\decoder.py", line 353, in raw_decode
    obj, end = self.scan_once(s, idx)
json.decoder.JSONDecodeError: Invalid control character at: line 5 column 492 (char 760)
[2019-12-02 21:49:06] [INFO] [MainThread] [handlers.py:44] Response Infomations:
+-----Headers-----+
| Content-Type    | text/plain      

Body:
| Traceback (most recent call last):
| 
[2019-12-02 21:49:30] [INFO] [MainThread] [handlers.py:63] Request Infomations:
+-----Headers-----+
| Content-Type    | application/json 
| Authorization   | eyJ0eXAiOiJKV1QiLCJhbGciOiJIUzI1NiJ9.eyJpZCI6MSwibmlja19uYW1lIjpudWxsLCJleHAiOjE1NzQ3NTIxNzd9.lsuunSK7H4MUPRRm-P6uWJxAqSpLvm7yJ6CS0LVBwa8 
| User-Agent      | PostmanRuntime/7.20.1 
| Accept          | */*             
| Cache-Control   | no-cache        
| Postman-Token   | f8bc535e-72c1-46d8-bba1-315b517a9521 
| Host            | 127.0.0.1:8084  
| Accept-Encoding | gzip, deflate   
| Content-Length  | 1157            
| Connection      | keep-alive      
+----Arguments----+
| 'url'           | '/v31/mem/action/login' 
| 'method'        | 'post'          
| 'headers'       | "{'Content-Type': 'application/json', 'User-Agent': 'Autoyol_107:Android_28|91AE0144CE0782302F461E04A034F098D30A00DC04FA03A781D9F3CE45', 'Accept': 'application/json;version=3.0;compress=false'}" 
| 'params'        | "{'publicCityCode': '021', 'IMEI': '06FB700B-5719-4CF0-AD14-FE68BD9B63CF', 'mobile': '13601603008', 'AppVersion': '101', 'schema': 'B', 'PublicLatitude': '31.332778', 'PublicLongitude': '121.450570', 'password': '3d4f2bf07dc1be38b20cd6e46949a1071f9d0e3d', 'deviceName': 'iPhone8,1', 'loginType': 'password', 'OS': 'IOS', 'OsVersion': '13.1.3', 'ModuleName': 'v31\\/mem\\/action\\/login', 'publicToken': '0', 'requestId': '06FB700B-5719-4CF0-AD14-FE68BD9B63CF4789275207346362241'}\n" 
| 'project'       | '6'             

[2019-12-02 21:49:31] [ERROR] [MainThread] [handlers.py:105] Uncaught exception POST /interfaces_debug/ (127.0.0.1)
HTTPServerRequest(protocol='http', host='127.0.0.1:8084', method='POST', uri='/interfaces_debug/', version='HTTP/1.1', remote_ip='127.0.0.1')
Traceback (most recent call last):
  File "D:\Users\Null\AppData\Local\Continuum\miniconda3\lib\site-packages\tornado\web.py", line 1699, in _execute
    result = await result
  File "F:\MagicTestPlatform\apps\utils\wrappers.py", line 25, in wrapper
    await method(self, *args, **kwargs)
  File "F:\MagicTestPlatform\apps\interface_test\handlers.py", line 62, in post
    host = GetJsonParams.get_value(model_to_dict(projects[0]), 'host_address')
  File "D:\Users\Null\AppData\Local\Continuum\miniconda3\lib\site-packages\peewee_async.py", line 809, in __getitem__
    return self._result_cache[idx]
IndexError: list index out of range
[2019-12-02 21:49:31] [INFO] [MainThread] [handlers.py:44] Response Infomations:
+-----Headers-----+
| Content-Type    | text/plain      

Body:
| Traceback (most recent call last):
| 
[2019-12-02 21:49:57] [INFO] [MainThread] [handlers.py:63] Request Infomations:
+-----Headers-----+
| Host            | 127.0.0.1:8084  
| Connection      | keep-alive      
| Access-Control-Request-Method | GET             
| Origin          | http://localhost:8080 
| User-Agent      | Mozilla/5.0 (Windows NT 10.0; WOW64) AppleWebKit/537.36 (KHTML, like Gecko) Chrome/78.0.3904.87 Safari/537.36 
| Access-Control-Request-Headers | authorization   
| Accept          | */*             
| Sec-Fetch-Site  | cross-site      
| Sec-Fetch-Mode  | cors            
| Referer         | http://localhost:8080/projectManage 
| Accept-Encoding | gzip, deflate, br 
| Accept-Language | zh-CN,zh;q=0.9  

[2019-12-02 21:49:57] [INFO] [MainThread] [handlers.py:44] Response Infomations:
+-----Headers-----+
| Content-Type    | application/json 

Body:
| ProjectHandler object has list index out of range
[2019-12-02 21:49:57] [INFO] [MainThread] [handlers.py:63] Request Infomations:
+-----Headers-----+
| Host            | 127.0.0.1:8084  
| Connection      | keep-alive      
| Access-Control-Request-Method | GET             
| Origin          | http://localhost:8080 
| User-Agent      | Mozilla/5.0 (Windows NT 10.0; WOW64) AppleWebKit/537.36 (KHTML, like Gecko) Chrome/78.0.3904.87 Safari/537.36 
| Access-Control-Request-Headers | authorization   
| Accept          | */*             
| Sec-Fetch-Site  | cross-site      
| Sec-Fetch-Mode  | cors            
| Referer         | http://localhost:8080/projectManage 
| Accept-Encoding | gzip, deflate, br 
| Accept-Language | zh-CN,zh;q=0.9  

[2019-12-02 21:49:57] [INFO] [MainThread] [handlers.py:44] Response Infomations:
+-----Headers-----+
| Content-Type    | application/json 

Body:
| ProjectHandler object has list index out of range
[2019-12-02 21:49:57] [INFO] [MainThread] [handlers.py:63] Request Infomations:
+-----Headers-----+
| Host            | 127.0.0.1:8084  
| Connection      | keep-alive      
| Accept          | application/json, text/plain, */* 
| Origin          | http://localhost:8080 
| Authorization   | eyJ0eXAiOiJKV1QiLCJhbGciOiJIUzI1NiJ9.eyJpZCI6MSwibmlja19uYW1lIjpudWxsLCJleHAiOjE1NzUwMjI1MzJ9.pTzgTRDJHyQfEiLyRTxhcDf10FBCvG0_eyP1Wv0pPzY 
| User-Agent      | Mozilla/5.0 (Windows NT 10.0; WOW64) AppleWebKit/537.36 (KHTML, like Gecko) Chrome/78.0.3904.87 Safari/537.36 
| Sec-Fetch-Site  | cross-site      
| Sec-Fetch-Mode  | cors            
| Referer         | http://localhost:8080/projectManage 
| Accept-Encoding | gzip, deflate, br 
| Accept-Language | zh-CN,zh;q=0.9  
| If-None-Match   | "f5f5497152ba6934add555910f59aa1619211712" 

[2019-12-02 21:49:57] [INFO] [MainThread] [handlers.py:44] Response Infomations:
+-----Headers-----+
| Content-Type    | application/json 

Body:
| {
|     "code": 1,
|     "msg": "项目数据查询成功!",
|     "data": [
|         {
|             "id": 5,
|             "add_time": "2019-11-27T16:41:03",
|             "name": "踩踩踩踩踩",
|             "env": {
|                 "id": 8,
|                 "add_time": "2019-12-02T21:49:57.267622",
|                 "name": "谢谢谢谢",
|                 "creator": null,
|                 "host_address": "https://testapp.atzuche.com:7065",
|                 "desc": null
|             },
|             "creator": {
|                 "id": 1,
|                 "add_time": "2019-12-02T21:49:57.267622",
|                 "account": null,
|                 "password": null,
|                 "nick_name": null,
|                 "head_url": null,
|                 "address": null,
|                 "desc": null,
|                 "gender": null
|             },
|             "desc": "23213"
|         },
|         {
|             "id": 4,
|             "add_time": "2019-11-27T16:18:15",
|             "name": "测试",
|             "env": {
|                 "id": 7,
|                 "add_time": "2019-12-02T21:49:57.268614",
|                 "name": "测试",
|                 "creator": null,
|                 "host_address": "http://127.0.0.1:8084",
|                 "desc": null
|             },
|             "creator": {
|                 "id": 1,
|                 "add_time": "2019-12-02T21:49:57.268120",
|                 "account": null,
|                 "password": null,
|                 "nick_name": null,
|                 "head_url": null,
|                 "address": null,
|                 "desc": null,
|                 "gender": null
|             },
|             "desc": "1其"
|         },
|         {
|             "id": 3,
|             "add_time": "2019-11-27T16:06:23",
|             "name": "嘻嘻嘻",
|             "env": {
|                 "id": 6,
|                 "add_time": "2019-12-02T21:49:57.269116",
|                 "name": "休息休息",
|                 "creator": null,
|                 "host_address": "xxxx",
|                 "desc": null
|             },
|             "creator": {
|                 "id": 1,
|                 "add_time": "2019-12-02T21:49:57.269116",
|                 "account": null,
|                 "password": null,
|                 "nick_name": null,
|                 "head_url": null,
|                 "address": null,
|                 "desc": null,
|                 "gender": null
|             },
|             "desc": "嘻嘻嘻"
|         },
|         {
|             "id": 2,
|             "add_time": "2019-11-27T15:50:44",
|             "name": "e31231",
|             "env": {
|                 "id": 4,
|                 "add_time": "2019-12-02T21:49:57.269617",
|                 "name": "made打打",
|                 "creator": null,
|                 "host_address": "eqeq",
|                 "desc": null
|             },
|             "creator": {
|                 "id": 1,
|                 "add_time": "2019-12-02T21:49:57.269617",
|                 "account": null,
|                 "password": null,
|                 "nick_name": null,
|                 "head_url": null,
|                 "address": null,
|                 "desc": null,
|                 "gender": null
|             },
|             "desc": "3131"
|         },
|         {
|             "id": 1,
|             "add_time": "2019-11-27T15:44:52",
|             "name": "3131",
|             "env": {
|                 "id": 5,
|                 "add_time": "2019-12-02T21:49:57.270105",
|                 "name": "远远",
|                 "creator": null,
|                 "host_address": "31",
|                 "desc": null
|             },
|             "creator": {
|                 "id": 1,
|                 "add_time": "2019-12-02T21:49:57.270105",
|                 "account": null,
|                 "password": null,
|                 "nick_name": null,
|                 "head_url": null,
|                 "address": null,
|                 "desc": null,
|                 "gender": null
|             },
|             "desc": "1231"
|         }
|     ]
| }
[2019-12-02 21:49:57] [INFO] [MainThread] [handlers.py:63] Request Infomations:
+-----Headers-----+
| Host            | 127.0.0.1:8084  
| Connection      | keep-alive      
| Accept          | application/json, text/plain, */* 
| Origin          | http://localhost:8080 
| Authorization   | eyJ0eXAiOiJKV1QiLCJhbGciOiJIUzI1NiJ9.eyJpZCI6MSwibmlja19uYW1lIjpudWxsLCJleHAiOjE1NzUwMjI1MzJ9.pTzgTRDJHyQfEiLyRTxhcDf10FBCvG0_eyP1Wv0pPzY 
| User-Agent      | Mozilla/5.0 (Windows NT 10.0; WOW64) AppleWebKit/537.36 (KHTML, like Gecko) Chrome/78.0.3904.87 Safari/537.36 
| Sec-Fetch-Site  | cross-site      
| Sec-Fetch-Mode  | cors            
| Referer         | http://localhost:8080/projectManage 
| Accept-Encoding | gzip, deflate, br 
| Accept-Language | zh-CN,zh;q=0.9  
| If-None-Match   | "31924ea0b5238094b9c5de29892f8d9bef60b448" 

[2019-12-02 21:49:57] [INFO] [MainThread] [handlers.py:44] Response Infomations:
+-----Headers-----+
| Content-Type    | application/json 

Body:
| {
|     "code": 1,
|     "msg": "项目数据查询成功!",
|     "data": [
|         {
|             "id": 5,
|             "add_time": "2019-11-27T16:41:03",
|             "name": "踩踩踩踩踩",
|             "env": {
|                 "id": 8,
|                 "add_time": "2019-12-02T21:49:57.297910",
|                 "name": "谢谢谢谢",
|                 "creator": null,
|                 "host_address": "https://testapp.atzuche.com:7065",
|                 "desc": null
|             },
|             "creator": {
|                 "id": 1,
|                 "add_time": "2019-12-02T21:49:57.297910",
|                 "account": null,
|                 "password": null,
|                 "nick_name": null,
|                 "head_url": null,
|                 "address": null,
|                 "desc": null,
|                 "gender": null
|             },
|             "desc": "23213"
|         },
|         {
|             "id": 4,
|             "add_time": "2019-11-27T16:18:15",
|             "name": "测试",
|             "env": {
|                 "id": 7,
|                 "add_time": "2019-12-02T21:49:57.298406",
|                 "name": "测试",
|                 "creator": null,
|                 "host_address": "http://127.0.0.1:8084",
|                 "desc": null
|             },
|             "creator": {
|                 "id": 1,
|                 "add_time": "2019-12-02T21:49:57.298406",
|                 "account": null,
|                 "password": null,
|                 "nick_name": null,
|                 "head_url": null,
|                 "address": null,
|                 "desc": null,
|                 "gender": null
|             },
|             "desc": "1其"
|         },
|         {
|             "id": 3,
|             "add_time": "2019-11-27T16:06:23",
|             "name": "嘻嘻嘻",
|             "env": {
|                 "id": 6,
|                 "add_time": "2019-12-02T21:49:57.298406",
|                 "name": "休息休息",
|                 "creator": null,
|                 "host_address": "xxxx",
|                 "desc": null
|             },
|             "creator": {
|                 "id": 1,
|                 "add_time": "2019-12-02T21:49:57.298406",
|                 "account": null,
|                 "password": null,
|                 "nick_name": null,
|                 "head_url": null,
|                 "address": null,
|                 "desc": null,
|                 "gender": null
|             },
|             "desc": "嘻嘻嘻"
|         },
|         {
|             "id": 2,
|             "add_time": "2019-11-27T15:50:44",
|             "name": "e31231",
|             "env": {
|                 "id": 4,
|                 "add_time": "2019-12-02T21:49:57.298901",
|                 "name": "made打打",
|                 "creator": null,
|                 "host_address": "eqeq",
|                 "desc": null
|             },
|             "creator": {
|                 "id": 1,
|                 "add_time": "2019-12-02T21:49:57.298901",
|                 "account": null,
|                 "password": null,
|                 "nick_name": null,
|                 "head_url": null,
|                 "address": null,
|                 "desc": null,
|                 "gender": null
|             },
|             "desc": "3131"
|         },
|         {
|             "id": 1,
|             "add_time": "2019-11-27T15:44:52",
|             "name": "3131",
|             "env": {
|                 "id": 5,
|                 "add_time": "2019-12-02T21:49:57.298901",
|                 "name": "远远",
|                 "creator": null,
|                 "host_address": "31",
|                 "desc": null
|             },
|             "creator": {
|                 "id": 1,
|                 "add_time": "2019-12-02T21:49:57.298901",
|                 "account": null,
|                 "password": null,
|                 "nick_name": null,
|                 "head_url": null,
|                 "address": null,
|                 "desc": null,
|                 "gender": null
|             },
|             "desc": "1231"
|         }
|     ]
| }
[2019-12-02 21:49:58] [INFO] [MainThread] [handlers.py:63] Request Infomations:
+-----Headers-----+
| Host            | 127.0.0.1:8084  
| Connection      | keep-alive      
| Accept          | application/json, text/plain, */* 
| Origin          | http://localhost:8080 
| Authorization   | eyJ0eXAiOiJKV1QiLCJhbGciOiJIUzI1NiJ9.eyJpZCI6MSwibmlja19uYW1lIjpudWxsLCJleHAiOjE1NzUwMjI1MzJ9.pTzgTRDJHyQfEiLyRTxhcDf10FBCvG0_eyP1Wv0pPzY 
| User-Agent      | Mozilla/5.0 (Windows NT 10.0; WOW64) AppleWebKit/537.36 (KHTML, like Gecko) Chrome/78.0.3904.87 Safari/537.36 
| Sec-Fetch-Site  | cross-site      
| Sec-Fetch-Mode  | cors            
| Referer         | http://localhost:8080/projectManage 
| Accept-Encoding | gzip, deflate, br 
| Accept-Language | zh-CN,zh;q=0.9  
| If-None-Match   | "7f5f3d7d7c6561ab471b06625bca969cd055ff83" 

[2019-12-02 21:49:58] [INFO] [MainThread] [handlers.py:44] Response Infomations:
+-----Headers-----+
| Content-Type    | application/json 

Body:
| {
|     "code": 1,
|     "msg": "测试环境数据查询成功!",
|     "data": [
|         {
|             "id": 9,
|             "add_time": "2019-12-02T21:38:29",
|             "name": "生产",
|             "creator": {
|                 "id": 1,
|                 "add_time": "2019-12-02T21:49:58.765164",
|                 "account": null,
|                 "password": null,
|                 "nick_name": null,
|                 "head_url": null,
|                 "address": null,
|                 "desc": null,
|                 "gender": null
|             },
|             "host_address": "https://app30.aotuzuche.com:7065",
|             "desc": "https://app30.aotuzuche.com:7065"
|         },
|         {
|             "id": 8,
|             "add_time": "2019-11-27T16:40:54",
|             "name": "谢谢谢谢",
|             "creator": {
|                 "id": 1,
|                 "add_time": "2019-12-02T21:49:58.765164",
|                 "account": null,
|                 "password": null,
|                 "nick_name": null,
|                 "head_url": null,
|                 "address": null,
|                 "desc": null,
|                 "gender": null
|             },
|             "host_address": "https://testapp.atzuche.com:7065",
|             "desc": "https://testapp.atzuche.com:7065"
|         },
|         {
|             "id": 7,
|             "add_time": "2019-11-27T16:18:01",
|             "name": "测试",
|             "creator": {
|                 "id": 1,
|                 "add_time": "2019-12-02T21:49:58.765660",
|                 "account": null,
|                 "password": null,
|                 "nick_name": null,
|                 "head_url": null,
|                 "address": null,
|                 "desc": null,
|                 "gender": null
|             },
|             "host_address": "http://127.0.0.1:8084",
|             "desc": "https://testapp.atzuche.com:7065"
|         },
|         {
|             "id": 6,
|             "add_time": "2019-11-27T16:06:44",
|             "name": "休息休息",
|             "creator": {
|                 "id": 1,
|                 "add_time": "2019-12-02T21:49:58.765660",
|                 "account": null,
|                 "password": null,
|                 "nick_name": null,
|                 "head_url": null,
|                 "address": null,
|                 "desc": null,
|                 "gender": null
|             },
|             "host_address": "xxxx",
|             "desc": "xxx"
|         },
|         {
|             "id": 5,
|             "add_time": "2019-11-27T15:55:12",
|             "name": "远远",
|             "creator": {
|                 "id": 1,
|                 "add_time": "2019-12-02T21:49:58.765660",
|                 "account": null,
|                 "password": null,
|                 "nick_name": null,
|                 "head_url": null,
|                 "address": null,
|                 "desc": null,
|                 "gender": null
|             },
|             "host_address": "31",
|             "desc": "3213"
|         },
|         {
|             "id": 4,
|             "add_time": "2019-11-27T15:50:04",
|             "name": "made打打",
|             "creator": {
|                 "id": 1,
|                 "add_time": "2019-12-02T21:49:58.765660",
|                 "account": null,
|                 "password": null,
|                 "nick_name": null,
|                 "head_url": null,
|                 "address": null,
|                 "desc": null,
|                 "gender": null
|             },
|             "host_address": "eqeq",
|             "desc": "ewq"
|         },
|         {
|             "id": 3,
|             "add_time": "2019-11-27T15:44:48",
|             "name": "eqw",
|             "creator": {
|                 "id": 1,
|                 "add_time": "2019-12-02T21:49:58.766168",
|                 "account": null,
|                 "password": null,
|                 "nick_name": null,
|                 "head_url": null,
|                 "address": null,
|                 "desc": null,
|                 "gender": null
|             },
|             "host_address": "eqeq",
|             "desc": "eq"
|         }
|     ]
| }
[2019-12-02 21:50:06] [INFO] [MainThread] [handlers.py:63] Request Infomations:
+-----Headers-----+
| Host            | 127.0.0.1:8084  
| Connection      | keep-alive      
| Content-Length  | 40              
| Accept          | application/json, text/plain, */* 
| Origin          | http://localhost:8080 
| Authorization   | eyJ0eXAiOiJKV1QiLCJhbGciOiJIUzI1NiJ9.eyJpZCI6MSwibmlja19uYW1lIjpudWxsLCJleHAiOjE1NzUwMjI1MzJ9.pTzgTRDJHyQfEiLyRTxhcDf10FBCvG0_eyP1Wv0pPzY 
| User-Agent      | Mozilla/5.0 (Windows NT 10.0; WOW64) AppleWebKit/537.36 (KHTML, like Gecko) Chrome/78.0.3904.87 Safari/537.36 
| Content-Type    | application/json;charset=UTF-8 
| Sec-Fetch-Site  | cross-site      
| Sec-Fetch-Mode  | cors            
| Referer         | http://localhost:8080/projectManage 
| Accept-Encoding | gzip, deflate, br 
| Accept-Language | zh-CN,zh;q=0.9  
+----Arguments----+
| 'name'          | '生产'            
| 'env'           | 9               
| 'desc'          | '12313'         

[2019-12-02 21:50:06] [INFO] [MainThread] [handlers.py:44] Response Infomations:
+-----Headers-----+
| Content-Type    | application/json 

Body:
| {
|     "code": 1,
|     "msg": "创建项目成功!",
|     "data": {
|         "projectId": 6
|     }
| }
[2019-12-02 21:50:06] [INFO] [MainThread] [handlers.py:63] Request Infomations:
+-----Headers-----+
| Host            | 127.0.0.1:8084  
| Connection      | keep-alive      
| Accept          | application/json, text/plain, */* 
| Origin          | http://localhost:8080 
| Authorization   | eyJ0eXAiOiJKV1QiLCJhbGciOiJIUzI1NiJ9.eyJpZCI6MSwibmlja19uYW1lIjpudWxsLCJleHAiOjE1NzUwMjI1MzJ9.pTzgTRDJHyQfEiLyRTxhcDf10FBCvG0_eyP1Wv0pPzY 
| User-Agent      | Mozilla/5.0 (Windows NT 10.0; WOW64) AppleWebKit/537.36 (KHTML, like Gecko) Chrome/78.0.3904.87 Safari/537.36 
| Sec-Fetch-Site  | cross-site      
| Sec-Fetch-Mode  | cors            
| Referer         | http://localhost:8080/projectManage 
| Accept-Encoding | gzip, deflate, br 
| Accept-Language | zh-CN,zh;q=0.9  

[2019-12-02 21:50:06] [INFO] [MainThread] [handlers.py:44] Response Infomations:
+-----Headers-----+
| Content-Type    | application/json 

Body:
| {
|     "code": 1,
|     "msg": "项目数据查询成功!",
|     "data": [
|         {
|             "id": 6,
|             "add_time": "2019-12-02T21:50:07",
|             "name": "生产",
|             "env": {
|                 "id": 9,
|                 "add_time": "2019-12-02T21:50:06.792066",
|                 "name": "生产",
|                 "creator": null,
|                 "host_address": "https://app30.aotuzuche.com:7065",
|                 "desc": null
|             },
|             "creator": {
|                 "id": 1,
|                 "add_time": "2019-12-02T21:50:06.792066",
|                 "account": null,
|                 "password": null,
|                 "nick_name": null,
|                 "head_url": null,
|                 "address": null,
|                 "desc": null,
|                 "gender": null
|             },
|             "desc": "12313"
|         },
|         {
|             "id": 5,
|             "add_time": "2019-11-27T16:41:03",
|             "name": "踩踩踩踩踩",
|             "env": {
|                 "id": 8,
|                 "add_time": "2019-12-02T21:50:06.792562",
|                 "name": "谢谢谢谢",
|                 "creator": null,
|                 "host_address": "https://testapp.atzuche.com:7065",
|                 "desc": null
|             },
|             "creator": {
|                 "id": 1,
|                 "add_time": "2019-12-02T21:50:06.792562",
|                 "account": null,
|                 "password": null,
|                 "nick_name": null,
|                 "head_url": null,
|                 "address": null,
|                 "desc": null,
|                 "gender": null
|             },
|             "desc": "23213"
|         },
|         {
|             "id": 4,
|             "add_time": "2019-11-27T16:18:15",
|             "name": "测试",
|             "env": {
|                 "id": 7,
|                 "add_time": "2019-12-02T21:50:06.793051",
|                 "name": "测试",
|                 "creator": null,
|                 "host_address": "http://127.0.0.1:8084",
|                 "desc": null
|             },
|             "creator": {
|                 "id": 1,
|                 "add_time": "2019-12-02T21:50:06.793051",
|                 "account": null,
|                 "password": null,
|                 "nick_name": null,
|                 "head_url": null,
|                 "address": null,
|                 "desc": null,
|                 "gender": null
|             },
|             "desc": "1其"
|         },
|         {
|             "id": 3,
|             "add_time": "2019-11-27T16:06:23",
|             "name": "嘻嘻嘻",
|             "env": {
|                 "id": 6,
|                 "add_time": "2019-12-02T21:50:06.794066",
|                 "name": "休息休息",
|                 "creator": null,
|                 "host_address": "xxxx",
|                 "desc": null
|             },
|             "creator": {
|                 "id": 1,
|                 "add_time": "2019-12-02T21:50:06.794066",
|                 "account": null,
|                 "password": null,
|                 "nick_name": null,
|                 "head_url": null,
|                 "address": null,
|                 "desc": null,
|                 "gender": null
|             },
|             "desc": "嘻嘻嘻"
|         },
|         {
|             "id": 2,
|             "add_time": "2019-11-27T15:50:44",
|             "name": "e31231",
|             "env": {
|                 "id": 4,
|                 "add_time": "2019-12-02T21:50:06.794066",
|                 "name": "made打打",
|                 "creator": null,
|                 "host_address": "eqeq",
|                 "desc": null
|             },
|             "creator": {
|                 "id": 1,
|                 "add_time": "2019-12-02T21:50:06.794066",
|                 "account": null,
|                 "password": null,
|                 "nick_name": null,
|                 "head_url": null,
|                 "address": null,
|                 "desc": null,
|                 "gender": null
|             },
|             "desc": "3131"
|         },
|         {
|             "id": 1,
|             "add_time": "2019-11-27T15:44:52",
|             "name": "3131",
|             "env": {
|                 "id": 5,
|                 "add_time": "2019-12-02T21:50:06.794541",
|                 "name": "远远",
|                 "creator": null,
|                 "host_address": "31",
|                 "desc": null
|             },
|             "creator": {
|                 "id": 1,
|                 "add_time": "2019-12-02T21:50:06.794541",
|                 "account": null,
|                 "password": null,
|                 "nick_name": null,
|                 "head_url": null,
|                 "address": null,
|                 "desc": null,
|                 "gender": null
|             },
|             "desc": "1231"
|         }
|     ]
| }
[2019-12-02 21:50:09] [INFO] [MainThread] [handlers.py:63] Request Infomations:
+-----Headers-----+
| Content-Type    | application/json 
| Authorization   | eyJ0eXAiOiJKV1QiLCJhbGciOiJIUzI1NiJ9.eyJpZCI6MSwibmlja19uYW1lIjpudWxsLCJleHAiOjE1NzQ3NTIxNzd9.lsuunSK7H4MUPRRm-P6uWJxAqSpLvm7yJ6CS0LVBwa8 
| User-Agent      | PostmanRuntime/7.20.1 
| Accept          | */*             
| Cache-Control   | no-cache        
| Postman-Token   | 1f44136d-d8a4-4eef-b11f-25c01465f661 
| Host            | 127.0.0.1:8084  
| Accept-Encoding | gzip, deflate   
| Content-Length  | 1157            
| Connection      | keep-alive      
+----Arguments----+
| 'url'           | '/v31/mem/action/login' 
| 'method'        | 'post'          
| 'headers'       | "{'Content-Type': 'application/json', 'User-Agent': 'Autoyol_107:Android_28|91AE0144CE0782302F461E04A034F098D30A00DC04FA03A781D9F3CE45', 'Accept': 'application/json;version=3.0;compress=false'}" 
| 'params'        | "{'publicCityCode': '021', 'IMEI': '06FB700B-5719-4CF0-AD14-FE68BD9B63CF', 'mobile': '13601603008', 'AppVersion': '101', 'schema': 'B', 'PublicLatitude': '31.332778', 'PublicLongitude': '121.450570', 'password': '3d4f2bf07dc1be38b20cd6e46949a1071f9d0e3d', 'deviceName': 'iPhone8,1', 'loginType': 'password', 'OS': 'IOS', 'OsVersion': '13.1.3', 'ModuleName': 'v31\\/mem\\/action\\/login', 'publicToken': '0', 'requestId': '06FB700B-5719-4CF0-AD14-FE68BD9B63CF4789275207346362241'}\n" 
| 'project'       | '6'             

[2019-12-02 21:50:10] [INFO] [MainThread] [handlers.py:44] Response Infomations:
+-----Headers-----+
| Content-Type    | application/json 

Body:
| {
|     "code": 1,
|     "msg": "接口请求成功",
|     "data": {
|         "status_code": 200,
|         "response_body": {
|             "data": {
|                 "token": "7809a4b875f0409689a6b65c8858a7e9",
|                 "isNew": "0",
|                 "hasPassword": "1",
|                 "baseInfo": {
|                     "authStatus": 0,
|                     "memNo": 166680504,
|                     "nickName": "博士专车",
|                     "portrait": "portrait/17/01/166680504/20171205162721P.jpg",
|                     "realName": "陈考荣",
|                     "regTime": "2017年01月",
|                     "joinTime": "20170119145334",
|                     "mobile": "13601603008",
|                     "idNo": "36232519740319193x",
|                     "inviteCode": "ntnkub",
|                     "haveCar": 93,
|                     "autoCoins": 94788,
|                     "autoCoinsReadFlag": 1,
|                     "walletTotal": 1000,
|                     "walletReadFlag": 0,
|                     "walletItemReadFlag": 1,
|                     "couponReadFlag": 0,
|                     "drawalBalance": 22475,
|                     "rechargeInfo": {
|                         "rechargePackageList": [
|                             {
|                                 "packageId": "2",
|                                 "payBalance": "2000",
|                                 "giveBalance": "100",
|                                 "totalBalance": "2100",
|                                 "payBalanceTxt": "充2000",
|                                 "giveBalanceTxt": "送100",
|                                 "defaultPackageIconPath": "0",
|                                 "isDefaultPackage": "0"
|                             },
|                             {
|                                 "packageId": "3",
|                                 "payBalance": "5000",
|                                 "giveBalance": "250",
|                                 "totalBalance": "5250",
|                                 "payBalanceTxt": "充5000",
|                                 "giveBalanceTxt": "送250",
|                                 "defaultPackageIconPath": "https://carphoto.atzuche.com/app/recharge/package/icon1517888830641.png",
|                                 "isDefaultPackage": "1"
|                             },
|                             {
|                                 "packageId": "4",
|                                 "payBalance": "10000",
|                                 "giveBalance": "500",
|                                 "totalBalance": "10500",
|                                 "payBalanceTxt": "充10000",
|                                 "giveBalanceTxt": "送500",
|                                 "defaultPackageIconPath": "0",
|                                 "isDefaultPackage": "0"
|                             },
|                             {
|                                 "packageId": "5",
|                                 "payBalance": "30000",
|                                 "giveBalance": "1500",
|                                 "totalBalance": "31500",
|                                 "payBalanceTxt": "充30000",
|                                 "giveBalanceTxt": "送1500",
|                                 "defaultPackageIconPath": "0",
|                                 "isDefaultPackage": "0"
|                             }
|                         ],
|                         "bannerUrl": "https://carphoto.atzuche.com/app/recharge/package/banner1517888661042.png"
|                     },
|                     "verificationState": "5"
|                 },
|                 "ownerInfo": {
|                     "stewardList": [
|                         {
|                             "city": "上海",
|                             "phone": 18521782291
|                         }
|                     ],
|                     "ownerTransMsg": 3,
|                     "sellTimes": 185,
|                     "totalIncome": 140422,
|                     "totalIncomeReadFlag": 1,
|                     "uploadStatus": 1
|                 },
|                 "rentInfo": {
|                     "buyEvalBad": 0,
|                     "buyEvalGood": 0,
|                     "buyEvalMedium": 0,
|                     "buyResAvgTime": 0,
|                     "buyTimes": 0,
|                     "couponNum": 9,
|                     "driLicAuth": 2,
|                     "driViceLicAuth": 2,
|                     "idCardAuth": 2,
|                     "idCardBackAuth": 2,
|                     "rentDiscouponMsg": 0,
|                     "rentTransMsg": 0,
|                     "socialInsurAuth": 0,
|                     "reliefFlag": "1"
|                 },
|                 "tecentMemberVo": {
|                     "memberNo": "166680504!APP$2",
|                     "sign": "eJxFkF1PgzAUhn*LxEujbWmr7g4XokuGIN0y4IYUaFnVMT46wrb4362Mxdv3OSfnfc7ZWi3ZPa9rVaRcp3ZbWDMLWHdjLIZatSLlUovWxJAQggC40l60ndpXBiAACUQ2AP9QFaLSSqrLIqX0CRCAb5wguEXTSKdKwzw3ni8*5vmW06N-kpn9fPh0dZHA79Xadd6jRtPHocT9LtbZW1Nm0llsHZ*FXh6yl4Y9nGgTdIPfxTKSVU*GGG0ikYRJ7i1fmb1ZX48VX*lo*VcHm54EY0wmqNVOjH6UGhVI7Cnneb4-VDrVx1qMb-n5BWTyWis_"
|                 }
|             },
|             "resCode": "000000",
|             "resMsg": "success"
|         }
|     }
| }
